\BOOKMARK [0][-]{chapter*.2}{\376\377\000W\000s\000t\001\031\000p}{}% 1
\BOOKMARK [0][-]{chapter.1}{\376\377\000D\000e\000f\000i\000n\000i\000c\000j\000e\000,\000\040\000l\000e\000m\000a\000t\000y\000\040\000i\000\040\000t\000w\000i\000e\000r\000d\000z\000e\000n\000i\000a}{}% 2
\BOOKMARK [1][-]{section.1.1}{\376\377\000D\000e\000f\000i\000n\000i\000c\000j\000a\000\040\000g\000r\000y}{chapter.1}% 3
\BOOKMARK [1][-]{section.1.2}{\376\377\000D\000e\000f\000i\000n\000i\000c\000j\000e\000\040\000i\000\040\000o\000z\000n\000a\000c\000z\000e\000n\000i\000a}{chapter.1}% 4
\BOOKMARK [2][-]{subsection.1.2.1}{\376\377\000S\000t\000r\000a\000t\000e\000g\000i\000e\000\040\000p\000r\000o\000s\000t\000e}{section.1.2}% 5
\BOOKMARK [2][-]{subsection.1.2.2}{\376\377\000S\000t\000r\000a\000t\000e\000g\000i\000e\000\040\000m\000i\000e\000s\000z\000a\000n\000e}{section.1.2}% 6
\BOOKMARK [1][-]{section.1.3}{\376\377\000T\000w\000i\000e\000r\000d\000z\000e\000n\000i\000a}{chapter.1}% 7
\BOOKMARK [1][-]{section.1.4}{\376\377\000P\000r\000o\000b\000l\000e\000m\000\040\000p\000o\000r\000\363\000w\000n\000a\001\104\000\040\000w\000i\000e\000l\000o\000k\000r\000o\000t\000n\000y\000c\000h}{chapter.1}% 8
\BOOKMARK [0][-]{chapter.2}{\376\377\000A\000l\000g\000o\000r\000y\000t\000m\000y\000\040\000r\000a\000c\000i\000n\000g\000o\000w\000e}{}% 9
\BOOKMARK [1][-]{section.2.1}{\376\377\000A\000l\000g\000o\000r\000y\000t\000m\000\040\000L\000i\000m\000i\000t\000e\000d\000\040\000E\000m\000p\000i\000r\000i\000c\000a\000l\000\040\000B\000e\000r\000n\000s\000t\000e\000i\000n\000\040\000R\000a\000c\000e\000\040\000\050\000L\000E\000B\000R\000\051}{chapter.2}% 10
\BOOKMARK [1][-]{section.2.2}{\376\377\000A\000l\000g\000o\000r\000y\000t\000m\000\040\000I\000m\000p\000r\000o\000v\000e\000d\000\040\000L\000i\000m\000i\000t\000e\000d\000\040\000E\000m\000p\000i\000r\000i\000c\000a\000l\000\040\000B\000e\000r\000n\000s\000t\000e\000i\000n\000\040\000R\000a\000c\000e\000\040\000\050\000I\000L\000E\000B\000R\000\051}{chapter.2}% 11
\BOOKMARK [1][-]{section.2.3}{\376\377\000A\000l\000g\000o\000r\000y\000t\000m\000\040\000I\000L\000E\000B\000R\000\040\0002}{chapter.2}% 12
\BOOKMARK [1][-]{section.2.4}{\376\377\000A\000l\000g\000o\000r\000y\000t\000m\000\040\000I\000L\000E\000B\000R\000*}{chapter.2}% 13
\BOOKMARK [1][-]{section.2.5}{\376\377\000A\000l\000g\000o\000r\000y\000t\000m\000\040\000I\000L\000E\000B\000R\000*\000\040\0002}{chapter.2}% 14
\BOOKMARK [1][-]{section.2.6}{\376\377\000P\000r\000a\000w\000d\000o\000p\000o\000d\000o\000b\000i\000e\001\104\000s\000t\000w\000o\000\040\000p\000o\000p\000e\001\102\000n\000i\000e\000n\000i\000a\000\040\000b\001\102\001\031\000d\000u}{chapter.2}% 15
\BOOKMARK [0][-]{chapter.3}{\376\377\000A\000l\000g\000o\000r\000y\000t\000m\000y\000\040\000w\000y\000z\000n\000a\000c\000z\000a\000n\000i\000a\000\040\000o\000p\000t\000y\000m\000a\000l\000n\000e\000j\000\040\000s\000t\000r\000a\000t\000e\000g\000i\000i}{}% 16
\BOOKMARK [1][-]{section.3.1}{\376\377\000A\000l\000g\000o\000r\000y\000t\000m\000\040\000i\000t\000e\000r\000a\000c\000y\000j\000n\000y}{chapter.3}% 17
\BOOKMARK [1][-]{section.3.2}{\376\377\000A\000l\000g\000o\000r\000y\000t\000m\000\040\000k\000o\000e\000w\000o\000l\000u\000c\000y\000j\000n\000y}{chapter.3}% 18
\BOOKMARK [1][-]{section.3.3}{\376\377\000A\000l\000g\000o\000r\000y\000t\000m\000\040\000p\000r\000z\000y\000b\000l\000i\001\174\000o\000n\000e\000j\000\040\000k\000o\000e\000w\000o\000l\000u\000c\000j\000i}{chapter.3}% 19
\BOOKMARK [1][-]{section.3.4}{\376\377\000Z\000m\000o\000d\000y\000f\000i\000k\000o\000w\000a\000n\000y\000\040\000a\000l\000g\000o\000r\000y\000t\000m\000\040\000p\000r\000z\000y\000b\000l\000i\001\174\000o\000n\000e\000j\000\040\000k\000o\000e\000w\000o\000l\000u\000c\000j\000i}{chapter.3}% 20
\BOOKMARK [0][-]{chapter.4}{\376\377\000G\000r\000y}{}% 21
\BOOKMARK [1][-]{section.4.1}{\376\377\000G\000r\000a\000\040\000w\000\040\000w\000o\000j\000n\001\031}{chapter.4}% 22
\BOOKMARK [1][-]{section.4.2}{\376\377\000R\000r\000r\000a\000t\000s\000!}{chapter.4}% 23
\BOOKMARK [0][-]{chapter.5}{\376\377\000W\000y\000n\000i\000k\000i\000\040\000d\000z\000i\000a\001\102\000a\000n\000i\000a\000\040\000a\000l\000g\000o\000r\000y\000t\000m\000\363\000w\000\040\000d\000l\000a\000\040\000g\000i\000e\000r}{}% 24
\BOOKMARK [0][-]{chapter*.18}{\376\377\000P\000o\000d\000s\000u\000m\000o\000w\000a\000n\000i\000e}{}% 25
\BOOKMARK [0][-]{appendix.A}{\376\377\000D\000o\000d\000a\000t\000e\000k}{}% 26
\BOOKMARK [1][-]{section.A.1}{\376\377\000D\000o\000w\000\363\000d\000\040\000l\000e\000m\000a\000t\000u\000\040\0001\000.\0001\0006}{appendix.A}% 27
\BOOKMARK [1][-]{section.A.2}{\376\377\000D\000o\000w\000\363\000d\000\040\000n\000i\000e\000r\000\363\000w\000n\000o\001\133\000c\000i\000\040\000\050\0002\000.\0006\000\051}{appendix.A}% 28
\BOOKMARK [1][-]{section.A.3}{\376\377\000D\000o\000w\000\363\000d\000\040\000w\000y\000r\000a\001\174\000e\000n\000i\000a\000\040\000\050\0002\000.\0001\0006\000\051}{appendix.A}% 29
